0 silly argv {
0 silly argv   _: [ 'version' ],
0 silly argv   'conventional-commits': true,
0 silly argv   conventionalCommits: true,
0 silly argv   yes: true,
0 silly argv   y: true,
0 silly argv   lernaVersion: '4.0.0',
0 silly argv   '$0': '/Users/jhz02/projects/test/lerna-version-check/node_modules/.bin/lerna'
0 silly argv }
1 notice cli v4.0.0
2 verbose rootPath /Users/jhz02/projects/test/lerna-version-check
3 info versioning independent
4 silly isAnythingCommitted
5 verbose isAnythingCommitted 1
6 silly getCurrentBranch
7 verbose currentBranch master
8 silly remoteBranchExists
9 silly isBehindUpstream
10 silly isBehindUpstream master is behind origin/master by 0 commit(s) and ahead by 0
11 silly hasTags
12 verbose hasTags true
13 silly git-describe.sync "@jhderojasuva/package_1@3.0.3-1-gf93b446" => {"lastTagName":"@jhderojasuva/package_1@3.0.3","lastVersion":"3.0.3","refCount":"1","sha":"f93b446","isDirty":false}
14 info Looking for changed packages since @jhderojasuva/package_1@3.0.3
15 info ignoring diff in paths matching [ 'ignored-file', '*.md' ]
16 silly checking diff packages/package_1
17 silly found diff in packages/package_1/index.js
18 verbose filtered diff [ 'packages/package_1/index.js' ]
19 verbose updated @jhderojasuva/package_1
20 verbose git-describe undefined => "@jhderojasuva/package_1@3.0.3-1-gf93b446"
21 silly git-describe parsed => {"lastTagName":"@jhderojasuva/package_1@3.0.3","lastVersion":"3.0.3","refCount":"1","sha":"f93b446","isDirty":false}
22 silly independent for @jhderojasuva/package_1 at /Users/jhz02/projects/test/lerna-version-check/packages/package_1
23 verbose getChangelogConfig using preset "conventionalcommits"
24 silly npa Result {
24 silly npa   type: 'tag',
24 silly npa   registry: true,
24 silly npa   where: undefined,
24 silly npa   raw: 'conventionalcommits',
24 silly npa   name: 'conventionalcommits',
24 silly npa   escapedName: 'conventionalcommits',
24 silly npa   scope: undefined,
24 silly npa   rawSpec: '',
24 silly npa   saveSpec: null,
24 silly npa   fetchSpec: 'latest',
24 silly npa   gitRange: undefined,
24 silly npa   gitCommittish: undefined,
24 silly npa   hosted: undefined
24 silly npa }
25 verbose getChangelogConfig Attempting to resolve preset "conventionalcommits"
26 verbose getChangelogConfig Cannot find module 'conventionalcommits'
26 verbose getChangelogConfig Require stack:
26 verbose getChangelogConfig - /Users/jhz02/projects/test/lerna-version-check/node_modules/@lerna/conventional-commits/lib/get-changelog-config.js
26 verbose getChangelogConfig - /Users/jhz02/projects/test/lerna-version-check/node_modules/@lerna/conventional-commits/lib/recommend-version.js
26 verbose getChangelogConfig - /Users/jhz02/projects/test/lerna-version-check/node_modules/@lerna/conventional-commits/index.js
26 verbose getChangelogConfig - /Users/jhz02/projects/test/lerna-version-check/node_modules/@lerna/version/index.js
26 verbose getChangelogConfig - /Users/jhz02/projects/test/lerna-version-check/node_modules/@lerna/version/command.js
26 verbose getChangelogConfig - /Users/jhz02/projects/test/lerna-version-check/node_modules/@lerna/publish/command.js
26 verbose getChangelogConfig - /Users/jhz02/projects/test/lerna-version-check/node_modules/lerna/index.js
26 verbose getChangelogConfig - /Users/jhz02/projects/test/lerna-version-check/node_modules/lerna/cli.js
27 info getChangelogConfig Auto-prefixing conventional-changelog preset "conventionalcommits"
28 verbose getChangelogConfig Attempting to resolve preset "conventional-changelog-conventionalcommits"
29 info getChangelogConfig Successfully resolved preset "conventional-changelog-conventionalcommits"
30 verbose independent increment 3.0.3 by undefined
31 info auto-confirmed
32 info execute Skipping releases
33 silly lifecycle No script for "preversion" in "@jhderojasuva/lerna-version-check", continuing
34 silly lifecycle No script for "preversion" in "@jhderojasuva/package_1", continuing
35 silly lifecycle No script for "version" in "@jhderojasuva/package_1", continuing
36 silly independent for @jhderojasuva/package_1 at /Users/jhz02/projects/test/lerna-version-check/packages/package_1
37 verbose getChangelogConfig using preset "conventionalcommits"
38 silly npa Result {
38 silly npa   type: 'tag',
38 silly npa   registry: true,
38 silly npa   where: undefined,
38 silly npa   raw: 'conventionalcommits',
38 silly npa   name: 'conventionalcommits',
38 silly npa   escapedName: 'conventionalcommits',
38 silly npa   scope: undefined,
38 silly npa   rawSpec: '',
38 silly npa   saveSpec: null,
38 silly npa   fetchSpec: 'latest',
38 silly npa   gitRange: undefined,
38 silly npa   gitCommittish: undefined,
38 silly npa   hosted: undefined
38 silly npa }
39 verbose getChangelogConfig Attempting to resolve preset "conventionalcommits"
40 verbose getChangelogConfig Cannot find module 'conventionalcommits'
40 verbose getChangelogConfig Require stack:
40 verbose getChangelogConfig - /Users/jhz02/projects/test/lerna-version-check/node_modules/@lerna/conventional-commits/lib/get-changelog-config.js
40 verbose getChangelogConfig - /Users/jhz02/projects/test/lerna-version-check/node_modules/@lerna/conventional-commits/lib/recommend-version.js
40 verbose getChangelogConfig - /Users/jhz02/projects/test/lerna-version-check/node_modules/@lerna/conventional-commits/index.js
40 verbose getChangelogConfig - /Users/jhz02/projects/test/lerna-version-check/node_modules/@lerna/version/index.js
40 verbose getChangelogConfig - /Users/jhz02/projects/test/lerna-version-check/node_modules/@lerna/version/command.js
40 verbose getChangelogConfig - /Users/jhz02/projects/test/lerna-version-check/node_modules/@lerna/publish/command.js
40 verbose getChangelogConfig - /Users/jhz02/projects/test/lerna-version-check/node_modules/lerna/index.js
40 verbose getChangelogConfig - /Users/jhz02/projects/test/lerna-version-check/node_modules/lerna/cli.js
41 info getChangelogConfig Auto-prefixing conventional-changelog preset "conventionalcommits"
42 verbose getChangelogConfig Attempting to resolve preset "conventional-changelog-conventionalcommits"
43 info getChangelogConfig Successfully resolved preset "conventional-changelog-conventionalcommits"
44 silly independent writing new entry: "## [](https://github.com/jhderojasUVa/lerna-version-check/compare/@jhderojasuva/package_1@3.0.3...@jhderojasuva/package_1@) (2022-01-27)\n\n**Note:** Version bump only for package @jhderojasuva/package_1\n\n\n\n"
45 verbose independent wrote /Users/jhz02/projects/test/lerna-version-check/packages/package_1/CHANGELOG.md
46 silly lifecycle No script for "version" in "@jhderojasuva/lerna-version-check", continuing
47 silly gitAdd [
47 silly gitAdd   'packages/package_1/package.json',
47 silly gitAdd   'packages/package_1/CHANGELOG.md'
47 silly gitAdd ]
48 silly gitCommit chore(version): version update
48 silly gitCommit
48 silly gitCommit  - @jhderojasuva/package_1@null
49 verbose git [
49 verbose git   'commit',
49 verbose git   '-F',
49 verbose git   '/private/var/folders/7w/jd74ryhj75z4qh6p0rqz51b40000gp/T/150cb563-450f-4767-8a01-d0e87a77309a/lerna-commit.txt'
49 verbose git ]
50 silly gitTag @jhderojasuva/package_1@null
51 verbose git [
51 verbose git   'tag',
51 verbose git   '@jhderojasuva/package_1@null',
51 verbose git   '-m',
51 verbose git   '@jhderojasuva/package_1@null'
51 verbose git ]
52 error Error: Command failed with exit code 128: git tag @jhderojasuva/package_1@null -m @jhderojasuva/package_1@null
52 error fatal: tag '@jhderojasuva/package_1@null' already exists
52 error     at makeError (/Users/jhz02/projects/test/lerna-version-check/node_modules/execa/lib/error.js:60:11)
52 error     at handlePromise (/Users/jhz02/projects/test/lerna-version-check/node_modules/execa/index.js:118:26)
52 error     at processTicksAndRejections (internal/process/task_queues.js:95:5)
52 error     at async Promise.all (index 0)
52 error     at async Promise.all (index 0)
